{"C:\\Users\\yejay\\Documents\\Projekt\\Triviosa\\backend-project\\logger.js": {"path":"C:\\Users\\yejay\\Documents\\Projekt\\Triviosa\\backend-project\\logger.js","statementMap":{"0":{"start":{"line":1,"column":16},"end":{"line":1,"column":34}},"1":{"start":{"line":2,"column":15},"end":{"line":2,"column":32}},"2":{"start":{"line":6,"column":0},"end":{"line":28,"column":1}},"3":{"start":{"line":7,"column":2},"end":{"line":15,"column":3}},"4":{"start":{"line":17,"column":2},"end":{"line":27,"column":5}},"5":{"start":{"line":22,"column":46},"end":{"line":22,"column":50}},"6":{"start":{"line":23,"column":8},"end":{"line":23,"column":54}},"7":{"start":{"line":30,"column":0},"end":{"line":39,"column":1}},"8":{"start":{"line":31,"column":2},"end":{"line":38,"column":4}},"9":{"start":{"line":41,"column":0},"end":{"line":43,"column":1}},"10":{"start":{"line":42,"column":2},"end":{"line":42,"column":47}},"11":{"start":{"line":45,"column":0},"end":{"line":45,"column":24}}},"fnMap":{"0":{"name":"(anonymous_0)","decl":{"start":{"line":8,"column":11},"end":{"line":8,"column":12}},"loc":{"start":{"line":8,"column":17},"end":{"line":8,"column":20}},"line":8},"1":{"name":"(anonymous_1)","decl":{"start":{"line":9,"column":10},"end":{"line":9,"column":11}},"loc":{"start":{"line":9,"column":16},"end":{"line":9,"column":19}},"line":9},"2":{"name":"(anonymous_2)","decl":{"start":{"line":10,"column":10},"end":{"line":10,"column":11}},"loc":{"start":{"line":10,"column":16},"end":{"line":10,"column":19}},"line":10},"3":{"name":"(anonymous_3)","decl":{"start":{"line":11,"column":10},"end":{"line":11,"column":11}},"loc":{"start":{"line":11,"column":16},"end":{"line":11,"column":19}},"line":11},"4":{"name":"(anonymous_4)","decl":{"start":{"line":12,"column":13},"end":{"line":12,"column":14}},"loc":{"start":{"line":12,"column":19},"end":{"line":12,"column":22}},"line":12},"5":{"name":"(anonymous_5)","decl":{"start":{"line":13,"column":11},"end":{"line":13,"column":12}},"loc":{"start":{"line":13,"column":17},"end":{"line":13,"column":20}},"line":13},"6":{"name":"(anonymous_6)","decl":{"start":{"line":14,"column":11},"end":{"line":14,"column":12}},"loc":{"start":{"line":14,"column":17},"end":{"line":14,"column":20}},"line":14},"7":{"name":"(anonymous_7)","decl":{"start":{"line":21,"column":28},"end":{"line":21,"column":29}},"loc":{"start":{"line":21,"column":36},"end":{"line":24,"column":7}},"line":21}},"branchMap":{"0":{"loc":{"start":{"line":6,"column":0},"end":{"line":28,"column":1}},"type":"if","locations":[{"start":{"line":6,"column":0},"end":{"line":28,"column":1}},{"start":{"line":16,"column":7},"end":{"line":28,"column":1}}],"line":6},"1":{"loc":{"start":{"line":6,"column":4},"end":{"line":6,"column":63}},"type":"binary-expr","locations":[{"start":{"line":6,"column":4},"end":{"line":6,"column":30}},{"start":{"line":6,"column":34},"end":{"line":6,"column":63}}],"line":6},"2":{"loc":{"start":{"line":30,"column":0},"end":{"line":39,"column":1}},"type":"if","locations":[{"start":{"line":30,"column":0},"end":{"line":39,"column":1}},{"start":{},"end":{}}],"line":30},"3":{"loc":{"start":{"line":41,"column":0},"end":{"line":43,"column":1}},"type":"if","locations":[{"start":{"line":41,"column":0},"end":{"line":43,"column":1}},{"start":{},"end":{}}],"line":41}},"s":{"0":1,"1":1,"2":1,"3":0,"4":1,"5":11,"6":11,"7":1,"8":1,"9":1,"10":1,"11":1},"f":{"0":0,"1":0,"2":0,"3":0,"4":0,"5":0,"6":0,"7":11},"b":{"0":[0,1],"1":[1,0],"2":[1,0],"3":[1,0]},"_coverageSchema":"1a1c01bbd47fc00a2c39e90264f33305004495a9","hash":"07b26650d7f0652836ecaf4d103b17f883840af1"}
,"C:\\Users\\yejay\\Documents\\Projekt\\Triviosa\\backend-project\\endpoints\\user\\UserModel.js": {"path":"C:\\Users\\yejay\\Documents\\Projekt\\Triviosa\\backend-project\\endpoints\\user\\UserModel.js","statementMap":{"0":{"start":{"line":1,"column":15},"end":{"line":1,"column":34}},"1":{"start":{"line":2,"column":15},"end":{"line":2,"column":34}},"2":{"start":{"line":4,"column":19},"end":{"line":78,"column":24}},"3":{"start":{"line":13,"column":8},"end":{"line":13,"column":42}},"4":{"start":{"line":25,"column":8},"end":{"line":25,"column":61}},"5":{"start":{"line":37,"column":26},"end":{"line":37,"column":42}},"6":{"start":{"line":38,"column":8},"end":{"line":38,"column":33}},"7":{"start":{"line":55,"column":12},"end":{"line":55,"column":39}},"8":{"start":{"line":67,"column":12},"end":{"line":67,"column":53}},"9":{"start":{"line":80,"column":0},"end":{"line":92,"column":3}},"10":{"start":{"line":81,"column":13},"end":{"line":81,"column":17}},"11":{"start":{"line":82,"column":2},"end":{"line":84,"column":3}},"12":{"start":{"line":83,"column":4},"end":{"line":83,"column":18}},"13":{"start":{"line":85,"column":25},"end":{"line":85,"column":61}},"14":{"start":{"line":86,"column":2},"end":{"line":86,"column":33}},"15":{"start":{"line":91,"column":2},"end":{"line":91,"column":9}},"16":{"start":{"line":94,"column":0},"end":{"line":98,"column":3}},"17":{"start":{"line":95,"column":2},"end":{"line":97,"column":5}},"18":{"start":{"line":96,"column":6},"end":{"line":96,"column":60}},"19":{"start":{"line":100,"column":13},"end":{"line":100,"column":47}},"20":{"start":{"line":102,"column":0},"end":{"line":102,"column":22}}},"fnMap":{"0":{"name":"(anonymous_0)","decl":{"start":{"line":11,"column":17},"end":{"line":11,"column":18}},"loc":{"start":{"line":11,"column":30},"end":{"line":14,"column":7}},"line":11},"1":{"name":"(anonymous_1)","decl":{"start":{"line":23,"column":17},"end":{"line":23,"column":18}},"loc":{"start":{"line":23,"column":30},"end":{"line":26,"column":7}},"line":23},"2":{"name":"(anonymous_2)","decl":{"start":{"line":35,"column":17},"end":{"line":35,"column":18}},"loc":{"start":{"line":35,"column":30},"end":{"line":40,"column":7}},"line":35},"3":{"name":"(anonymous_3)","decl":{"start":{"line":53,"column":21},"end":{"line":53,"column":22}},"loc":{"start":{"line":53,"column":34},"end":{"line":56,"column":11}},"line":53},"4":{"name":"(anonymous_4)","decl":{"start":{"line":65,"column":21},"end":{"line":65,"column":22}},"loc":{"start":{"line":65,"column":34},"end":{"line":68,"column":11}},"line":65},"5":{"name":"(anonymous_5)","decl":{"start":{"line":80,"column":23},"end":{"line":80,"column":24}},"loc":{"start":{"line":80,"column":45},"end":{"line":92,"column":1}},"line":80},"6":{"name":"(anonymous_6)","decl":{"start":{"line":94,"column":37},"end":{"line":94,"column":38}},"loc":{"start":{"line":94,"column":66},"end":{"line":98,"column":1}},"line":94},"7":{"name":"(anonymous_7)","decl":{"start":{"line":95,"column":41},"end":{"line":95,"column":42}},"loc":{"start":{"line":95,"column":58},"end":{"line":97,"column":3}},"line":95}},"branchMap":{"0":{"loc":{"start":{"line":82,"column":2},"end":{"line":84,"column":3}},"type":"if","locations":[{"start":{"line":82,"column":2},"end":{"line":84,"column":3}},{"start":{},"end":{}}],"line":82},"1":{"loc":{"start":{"line":96,"column":6},"end":{"line":96,"column":59}},"type":"cond-expr","locations":[{"start":{"line":96,"column":15},"end":{"line":96,"column":37}},{"start":{"line":96,"column":40},"end":{"line":96,"column":59}}],"line":96}},"s":{"0":1,"1":1,"2":1,"3":0,"4":0,"5":0,"6":0,"7":0,"8":0,"9":1,"10":0,"11":0,"12":0,"13":0,"14":0,"15":0,"16":1,"17":0,"18":0,"19":1,"20":1},"f":{"0":0,"1":0,"2":0,"3":0,"4":0,"5":0,"6":0,"7":0},"b":{"0":[0,0],"1":[0,0]},"_coverageSchema":"1a1c01bbd47fc00a2c39e90264f33305004495a9","hash":"fcb431181845870cbea4ad6d0d9d26e477f6ffeb"}
,"C:\\Users\\yejay\\Documents\\Projekt\\Triviosa\\backend-project\\endpoints\\user\\UserService.js": {"path":"C:\\Users\\yejay\\Documents\\Projekt\\Triviosa\\backend-project\\endpoints\\user\\UserService.js","statementMap":{"0":{"start":{"line":1,"column":13},"end":{"line":1,"column":35}},"1":{"start":{"line":2,"column":15},"end":{"line":2,"column":38}},"2":{"start":{"line":5,"column":4},"end":{"line":5,"column":47}},"3":{"start":{"line":7,"column":4},"end":{"line":11,"column":5}},"4":{"start":{"line":8,"column":29},"end":{"line":8,"column":62}},"5":{"start":{"line":9,"column":8},"end":{"line":9,"column":34}},"6":{"start":{"line":10,"column":8},"end":{"line":10,"column":44}},"7":{"start":{"line":12,"column":4},"end":{"line":43,"column":5}},"8":{"start":{"line":13,"column":26},"end":{"line":13,"column":52}},"9":{"start":{"line":14,"column":23},"end":{"line":21,"column":9}},"10":{"start":{"line":22,"column":8},"end":{"line":22,"column":45}},"11":{"start":{"line":23,"column":8},"end":{"line":23,"column":49}},"12":{"start":{"line":24,"column":8},"end":{"line":24,"column":22}},"13":{"start":{"line":26,"column":8},"end":{"line":42,"column":9}},"14":{"start":{"line":28,"column":28},"end":{"line":28,"column":81}},"15":{"start":{"line":28,"column":69},"end":{"line":28,"column":80}},"16":{"start":{"line":29,"column":12},"end":{"line":29,"column":55}},"17":{"start":{"line":30,"column":12},"end":{"line":30,"column":37}},"18":{"start":{"line":32,"column":23},"end":{"line":32,"column":69}},"19":{"start":{"line":34,"column":12},"end":{"line":38,"column":13}},"20":{"start":{"line":35,"column":37},"end":{"line":35,"column":88}},"21":{"start":{"line":36,"column":16},"end":{"line":36,"column":43}},"22":{"start":{"line":37,"column":16},"end":{"line":37,"column":46}},"23":{"start":{"line":39,"column":33},"end":{"line":39,"column":60}},"24":{"start":{"line":40,"column":12},"end":{"line":40,"column":39}},"25":{"start":{"line":41,"column":12},"end":{"line":41,"column":42}},"26":{"start":{"line":47,"column":4},"end":{"line":47,"column":49}},"27":{"start":{"line":48,"column":15},"end":{"line":48,"column":63}},"28":{"start":{"line":49,"column":4},"end":{"line":62,"column":5}},"29":{"start":{"line":50,"column":8},"end":{"line":58,"column":11}},"30":{"start":{"line":51,"column":12},"end":{"line":57,"column":13}},"31":{"start":{"line":52,"column":16},"end":{"line":52,"column":64}},"32":{"start":{"line":53,"column":16},"end":{"line":53,"column":44}},"33":{"start":{"line":55,"column":16},"end":{"line":55,"column":54}},"34":{"start":{"line":56,"column":16},"end":{"line":56,"column":44}},"35":{"start":{"line":61,"column":8},"end":{"line":61,"column":36}},"36":{"start":{"line":65,"column":0},"end":{"line":68,"column":1}}},"fnMap":{"0":{"name":"createUser","decl":{"start":{"line":4,"column":15},"end":{"line":4,"column":25}},"loc":{"start":{"line":4,"column":35},"end":{"line":44,"column":1}},"line":4},"1":{"name":"(anonymous_1)","decl":{"start":{"line":28,"column":60},"end":{"line":28,"column":61}},"loc":{"start":{"line":28,"column":69},"end":{"line":28,"column":80}},"line":28},"2":{"name":"authenticate","decl":{"start":{"line":46,"column":15},"end":{"line":46,"column":27}},"loc":{"start":{"line":46,"column":49},"end":{"line":63,"column":1}},"line":46},"3":{"name":"(anonymous_3)","decl":{"start":{"line":50,"column":49},"end":{"line":50,"column":50}},"loc":{"start":{"line":50,"column":66},"end":{"line":58,"column":9}},"line":50}},"branchMap":{"0":{"loc":{"start":{"line":7,"column":4},"end":{"line":11,"column":5}},"type":"if","locations":[{"start":{"line":7,"column":4},"end":{"line":11,"column":5}},{"start":{},"end":{}}],"line":7},"1":{"loc":{"start":{"line":7,"column":8},"end":{"line":7,"column":44}},"type":"binary-expr","locations":[{"start":{"line":7,"column":8},"end":{"line":7,"column":23}},{"start":{"line":7,"column":27},"end":{"line":7,"column":44}}],"line":7},"2":{"loc":{"start":{"line":26,"column":8},"end":{"line":42,"column":9}},"type":"if","locations":[{"start":{"line":26,"column":8},"end":{"line":42,"column":9}},{"start":{"line":31,"column":15},"end":{"line":42,"column":9}}],"line":26},"3":{"loc":{"start":{"line":34,"column":12},"end":{"line":38,"column":13}},"type":"if","locations":[{"start":{"line":34,"column":12},"end":{"line":38,"column":13}},{"start":{},"end":{}}],"line":34},"4":{"loc":{"start":{"line":49,"column":4},"end":{"line":62,"column":5}},"type":"if","locations":[{"start":{"line":49,"column":4},"end":{"line":62,"column":5}},{"start":{"line":60,"column":9},"end":{"line":62,"column":5}}],"line":49},"5":{"loc":{"start":{"line":51,"column":12},"end":{"line":57,"column":13}},"type":"if","locations":[{"start":{"line":51,"column":12},"end":{"line":57,"column":13}},{"start":{"line":54,"column":19},"end":{"line":57,"column":13}}],"line":51}},"s":{"0":1,"1":1,"2":4,"3":4,"4":1,"5":1,"6":1,"7":3,"8":3,"9":1,"10":1,"11":1,"12":1,"13":2,"14":0,"15":0,"16":0,"17":0,"18":2,"19":1,"20":1,"21":1,"22":1,"23":0,"24":0,"25":0,"26":2,"27":2,"28":2,"29":1,"30":1,"31":0,"32":0,"33":1,"34":1,"35":1,"36":1},"f":{"0":4,"1":0,"2":2,"3":1},"b":{"0":[1,3],"1":[4,3],"2":[0,2],"3":[1,0],"4":[1,1],"5":[0,1]},"_coverageSchema":"1a1c01bbd47fc00a2c39e90264f33305004495a9","hash":"9af421c77dd3107d1f958202bc55414334cb4bb2"}
}
