{"C:\\Users\\yejay\\Documents\\Projekt\\Triviosa\\backend-project\\endpoints\\game\\GameServices.js": {"path":"C:\\Users\\yejay\\Documents\\Projekt\\Triviosa\\backend-project\\endpoints\\game\\GameServices.js","statementMap":{"0":{"start":{"line":1,"column":21},"end":{"line":1,"column":80}},"1":{"start":{"line":2,"column":17},"end":{"line":2,"column":72}},"2":{"start":{"line":3,"column":15},"end":{"line":3,"column":32}},"3":{"start":{"line":6,"column":2},"end":{"line":11,"column":3}},"4":{"start":{"line":7,"column":25},"end":{"line":7,"column":50}},"5":{"start":{"line":8,"column":4},"end":{"line":8,"column":32}},"6":{"start":{"line":10,"column":4},"end":{"line":10,"column":56}},"7":{"start":{"line":15,"column":2},"end":{"line":40,"column":3}},"8":{"start":{"line":16,"column":22},"end":{"line":16,"column":105}},"9":{"start":{"line":18,"column":4},"end":{"line":20,"column":5}},"10":{"start":{"line":19,"column":6},"end":{"line":19,"column":83}},"11":{"start":{"line":22,"column":24},"end":{"line":22,"column":68}},"12":{"start":{"line":23,"column":27},"end":{"line":23,"column":49}},"13":{"start":{"line":25,"column":31},"end":{"line":25,"column":104}},"14":{"start":{"line":26,"column":23},"end":{"line":26,"column":60}},"15":{"start":{"line":27,"column":4},"end":{"line":27,"column":76}},"16":{"start":{"line":29,"column":27},"end":{"line":35,"column":5}},"17":{"start":{"line":37,"column":4},"end":{"line":37,"column":26}},"18":{"start":{"line":39,"column":4},"end":{"line":39,"column":89}},"19":{"start":{"line":44,"column":2},"end":{"line":88,"column":3}},"20":{"start":{"line":46,"column":4},"end":{"line":46,"column":42}},"21":{"start":{"line":47,"column":4},"end":{"line":47,"column":42}},"22":{"start":{"line":49,"column":21},"end":{"line":52,"column":5}},"23":{"start":{"line":54,"column":24},"end":{"line":54,"column":58}},"24":{"start":{"line":56,"column":4},"end":{"line":58,"column":5}},"25":{"start":{"line":57,"column":6},"end":{"line":57,"column":13}},"26":{"start":{"line":60,"column":30},"end":{"line":65,"column":6}},"27":{"start":{"line":61,"column":6},"end":{"line":64,"column":7}},"28":{"start":{"line":69,"column":4},"end":{"line":80,"column":7}},"29":{"start":{"line":70,"column":32},"end":{"line":74,"column":8}},"30":{"start":{"line":71,"column":8},"end":{"line":73,"column":11}},"31":{"start":{"line":72,"column":10},"end":{"line":72,"column":78}},"32":{"start":{"line":76,"column":6},"end":{"line":79,"column":7}},"33":{"start":{"line":77,"column":8},"end":{"line":77,"column":62}},"34":{"start":{"line":78,"column":8},"end":{"line":78,"column":20}},"35":{"start":{"line":84,"column":4},"end":{"line":84,"column":95}},"36":{"start":{"line":87,"column":4},"end":{"line":87,"column":89}},"37":{"start":{"line":91,"column":0},"end":{"line":95,"column":1}}},"fnMap":{"0":{"name":"getCategoryList","decl":{"start":{"line":5,"column":15},"end":{"line":5,"column":30}},"loc":{"start":{"line":5,"column":33},"end":{"line":12,"column":1}},"line":5},"1":{"name":"getRandomQuestion","decl":{"start":{"line":14,"column":15},"end":{"line":14,"column":32}},"loc":{"start":{"line":14,"column":71},"end":{"line":41,"column":1}},"line":14},"2":{"name":"checkCategory","decl":{"start":{"line":43,"column":15},"end":{"line":43,"column":28}},"loc":{"start":{"line":43,"column":41},"end":{"line":89,"column":1}},"line":43},"3":{"name":"(anonymous_3)","decl":{"start":{"line":60,"column":46},"end":{"line":60,"column":47}},"loc":{"start":{"line":60,"column":53},"end":{"line":65,"column":5}},"line":60},"4":{"name":"(anonymous_4)","decl":{"start":{"line":69,"column":20},"end":{"line":69,"column":21}},"loc":{"start":{"line":69,"column":32},"end":{"line":80,"column":5}},"line":69},"5":{"name":"(anonymous_5)","decl":{"start":{"line":70,"column":49},"end":{"line":70,"column":50}},"loc":{"start":{"line":70,"column":63},"end":{"line":74,"column":7}},"line":70},"6":{"name":"(anonymous_6)","decl":{"start":{"line":71,"column":39},"end":{"line":71,"column":40}},"loc":{"start":{"line":72,"column":10},"end":{"line":72,"column":78}},"line":72}},"branchMap":{"0":{"loc":{"start":{"line":18,"column":4},"end":{"line":20,"column":5}},"type":"if","locations":[{"start":{"line":18,"column":4},"end":{"line":20,"column":5}},{"start":{},"end":{}}],"line":18},"1":{"loc":{"start":{"line":56,"column":4},"end":{"line":58,"column":5}},"type":"if","locations":[{"start":{"line":56,"column":4},"end":{"line":58,"column":5}},{"start":{},"end":{}}],"line":56},"2":{"loc":{"start":{"line":72,"column":10},"end":{"line":72,"column":78}},"type":"binary-expr","locations":[{"start":{"line":72,"column":10},"end":{"line":72,"column":40}},{"start":{"line":72,"column":44},"end":{"line":72,"column":78}}],"line":72},"3":{"loc":{"start":{"line":76,"column":6},"end":{"line":79,"column":7}},"type":"if","locations":[{"start":{"line":76,"column":6},"end":{"line":79,"column":7}},{"start":{},"end":{}}],"line":76}},"s":{"0":1,"1":1,"2":1,"3":2,"4":2,"5":1,"6":1,"7":2,"8":2,"9":1,"10":0,"11":1,"12":1,"13":1,"14":1,"15":1,"16":1,"17":1,"18":1,"19":2,"20":2,"21":2,"22":2,"23":2,"24":1,"25":0,"26":1,"27":3,"28":1,"29":1,"30":3,"31":6,"32":1,"33":1,"34":1,"35":1,"36":2,"37":1},"f":{"0":2,"1":2,"2":2,"3":3,"4":1,"5":3,"6":6},"b":{"0":[0,1],"1":[0,1],"2":[6,5],"3":[1,0]},"_coverageSchema":"1a1c01bbd47fc00a2c39e90264f33305004495a9","hash":"ba1af135da0b1c109e47318e8bc42b5bd0cda934"}
}
