TN:
SF:endpoints\game\GameServices.js
FN:5,getCategoryList
FN:14,getRandomQuestion
FN:43,checkCategory
FN:60,(anonymous_3)
FN:69,(anonymous_4)
FN:70,(anonymous_5)
FN:71,(anonymous_6)
FNF:7
FNH:7
FNDA:2,getCategoryList
FNDA:2,getRandomQuestion
FNDA:2,checkCategory
FNDA:3,(anonymous_3)
FNDA:1,(anonymous_4)
FNDA:3,(anonymous_5)
FNDA:6,(anonymous_6)
DA:1,1
DA:2,1
DA:3,1
DA:6,2
DA:7,2
DA:8,1
DA:10,1
DA:15,2
DA:16,2
DA:18,1
DA:19,0
DA:22,1
DA:23,1
DA:25,1
DA:26,1
DA:27,1
DA:29,1
DA:37,1
DA:39,1
DA:44,2
DA:46,2
DA:47,2
DA:49,2
DA:54,2
DA:56,1
DA:57,0
DA:60,1
DA:61,3
DA:69,1
DA:70,1
DA:71,3
DA:72,6
DA:76,1
DA:77,1
DA:78,1
DA:84,1
DA:87,2
DA:91,1
LF:38
LH:36
BRDA:18,0,0,0
BRDA:18,0,1,1
BRDA:56,1,0,0
BRDA:56,1,1,1
BRDA:72,2,0,6
BRDA:72,2,1,5
BRDA:76,3,0,1
BRDA:76,3,1,0
BRF:8
BRH:5
end_of_record
